Unity Player [version: Unity 4.6.4f1_99f88340878d]

OVRDisplay64.dll caused an Access Violation (0xc0000005)
  in module OVRDisplay64.dll at 0033:a81d6449.

Error occurred at 2015-04-21_180432.
C:\Users\shurjobanerjee\Documents\SeniorDesign-master\swag.exe, run by shurjobanerjee.
13% memory in use.
16269 MB physical memory [14084 MB free].
18701 MB paging file [16408 MB free].
134217728 MB user address space [134217426 MB free].
Read from location 0000006f caused an access violation.

Context:
RDI:    0x0878b8b0  RSI: 0x06952dc0  RAX:   0x011d5e60
RBX:    0x0878abc0  RCX: 0x011d54a0  RDX:   0x00000057
RIP:    0xa81d6449  RBP: 0x00000000  SegCs: 0x00000033
EFlags: 0x00010246  RSP: 0x00eff0b8  SegSs: 0x0000002b
R8:    0x011d54a0  R9: 0x00000000  R10:   0xa8207080
R11:    0x0878abc0  R12: 0x011ef8e8  R13:   0x08774088
R14:    0x011efec0  R15: 0x011b5320

Bytes at CS:EIP:
48 8b 52 18 0f 1f 00 48 39 50 20 73 06 48 8b 40 Module 1
C:\Windows\SYSTEM32\xinput1_3.dll
Image Base: 0x00400000  Image Size: 0x0001e000
File Size:  107368      File Time:  2007-04-04_185422
Version:
   Company:    Microsoft Corporation
   Product:    Microsoft® DirectX for Windows®
   FileDesc:   Microsoft Common Controller API
   FileVer:    9.18.944.0
   ProdVer:    9.18.944.0


== [end of error.log] ==
