Unity Player [version: Unity 4.6.4f1_99f88340878d]

OVRDisplay64.dll caused an Access Violation (0xc0000005)
  in module OVRDisplay64.dll at 0033:a8e26449.

Error occurred at 2015-04-21_180550.
C:\Users\shurjobanerjee\Documents\SeniorDesign-master\swag.exe, run by shurjobanerjee.
13% memory in use.
16269 MB physical memory [14027 MB free].
18701 MB paging file [16410 MB free].
134217728 MB user address space [134217426 MB free].
Read from location 00002038 caused an access violation.

Context:
RDI:    0x079d5a80  RSI: 0x079d9ac0  RAX:   0x003771b0
RBX:    0x07a030f0  RCX: 0x00377330  RDX:   0x00002020
RIP:    0xa8e26449  RBP: 0x00000000  SegCs: 0x00000033
EFlags: 0x00010246  RSP: 0x001def58  SegSs: 0x0000002b
R8:    0x00377330  R9: 0x00000000  R10:   0xa9f57080
R11:    0x07a030f0  R12: 0x0039dc78  R13:   0x079bde18
R14:    0x0039e250  R15: 0x0037df30

Bytes at CS:EIP:
48 8b 52 18 0f 1f 00 48 39 50 20 73 06 48 8b 40 Module 1
C:\Windows\SYSTEM32\xinput1_3.dll
Image Base: 0x00400000  Image Size: 0x0001e000
File Size:  107368      File Time:  2007-04-04_185422
Version:
   Company:    Microsoft Corporation
   Product:    Microsoft® DirectX for Windows®
   FileDesc:   Microsoft Common Controller API
   FileVer:    9.18.944.0
   ProdVer:    9.18.944.0


== [end of error.log] ==
